\BOOKMARK [0][]{chapter.1}{Introduction To Organisation}{}% 1
\BOOKMARK [1][]{section.1.1}{Testing and Consutancy Cell}{chapter.1}% 2
\BOOKMARK [1][]{section.1.2}{Numitech Solutions}{chapter.1}% 3
\BOOKMARK [1][]{section.1.3}{Techno Campus}{chapter.1}% 4
\BOOKMARK [0][]{chapter.2}{Introduction to Project}{}% 5
\BOOKMARK [1][]{section.2.1}{Overview}{chapter.2}% 6
\BOOKMARK [1][]{section.2.2}{The Existing System}{chapter.2}% 7
\BOOKMARK [1][]{section.2.3}{User Requirement Analysis}{chapter.2}% 8
\BOOKMARK [1][]{section.2.4}{Feasibilty Study}{chapter.2}% 9
\BOOKMARK [2][]{subsection.2.4.1}{Tyes of Feasibility Study}{section.2.4}% 10
\BOOKMARK [3][]{subsubsection.2.4.1.1}{Technical Feasibility}{subsection.2.4.1}% 11
\BOOKMARK [3][]{subsubsection.2.4.1.2}{Economic Feasibility}{subsection.2.4.1}% 12
\BOOKMARK [3][]{subsubsection.2.4.1.3}{Behavioral Feasibility}{subsection.2.4.1}% 13
\BOOKMARK [1][]{section.2.5}{Objective of Project }{chapter.2}% 14
\BOOKMARK [0][]{chapter.3}{Project Design}{}% 15
\BOOKMARK [1][]{section.3.1}{Software Requirement Analysis}{chapter.3}% 16
\BOOKMARK [2][]{subsection.3.1.1}{Functional Requirements}{section.3.1}% 17
\BOOKMARK [2][]{subsection.3.1.2}{Non functional requirements}{section.3.1}% 18
\BOOKMARK [1][]{section.3.2}{DFDs}{chapter.3}% 19
\BOOKMARK [1][]{section.3.3}{Flowchart}{chapter.3}% 20
\BOOKMARK [1][]{section.3.4}{Problem Formulation}{chapter.3}% 21
\BOOKMARK [1][]{section.3.5}{Dependencies}{chapter.3}% 22
\BOOKMARK [1][]{section.3.6}{Methodology}{chapter.3}% 23
\BOOKMARK [1][]{section.3.7}{Project Work}{chapter.3}% 24
\BOOKMARK [0][]{chapter.4}{Development and Implementation}{}% 25
\BOOKMARK [1][]{section.4.1}{Introduction to Languages}{chapter.4}% 26
\BOOKMARK [2][]{subsection.4.1.1}{HTML}{section.4.1}% 27
\BOOKMARK [2][]{subsection.4.1.2}{CSS}{section.4.1}% 28
\BOOKMARK [2][]{subsection.4.1.3}{PHP}{section.4.1}% 29
\BOOKMARK [2][]{subsection.4.1.4}{CMake}{section.4.1}% 30
\BOOKMARK [2][]{subsection.4.1.5}{Shell Scripting}{section.4.1}% 31
\BOOKMARK [1][]{section.4.2}{Ubuntu: An open source OS}{chapter.4}% 32
\BOOKMARK [1][]{section.4.3}{Introduction To Doxygen}{chapter.4}% 33
\BOOKMARK [2][]{subsection.4.3.1}{Installation of Doxygen}{section.4.3}% 34
\BOOKMARK [1][]{section.4.4}{Introduction to LaTeX}{chapter.4}% 35
\BOOKMARK [2][]{subsection.4.4.1}{Typesetting}{section.4.4}% 36
\BOOKMARK [1][]{section.4.5}{Introduction to Github}{chapter.4}% 37
\BOOKMARK [2][]{subsection.4.5.1}{What is Git?}{section.4.5}% 38
\BOOKMARK [2][]{subsection.4.5.2}{Installation of Git}{section.4.5}% 39
\BOOKMARK [2][]{subsection.4.5.3}{Various Git Commands}{section.4.5}% 40
\BOOKMARK [3][]{subsubsection.4.5.3.1}{Create Repositories}{subsection.4.5.3}% 41
\BOOKMARK [3][]{subsubsection.4.5.3.2}{Make Changes}{subsection.4.5.3}% 42
\BOOKMARK [3][]{subsubsection.4.5.3.3}{Group Changes}{subsection.4.5.3}% 43
\BOOKMARK [3][]{subsubsection.4.5.3.4}{Synchronize Changes}{subsection.4.5.3}% 44
\BOOKMARK [1][]{section.4.6}{Introduction to Reveal-js \046 Reveal-md}{chapter.4}% 45
\BOOKMARK [2][]{subsection.4.6.1}{Installation of reveal-md}{section.4.6}% 46
\BOOKMARK [1][]{section.4.7}{Working with Experimental Server}{chapter.4}% 47
\BOOKMARK [1][]{section.4.8}{OSM and its Components }{chapter.4}% 48
\BOOKMARK [2][]{subsection.4.8.1}{Benifits Of Your Own Tile Server}{section.4.8}% 49
\BOOKMARK [2][]{subsection.4.8.2}{Postgresql / postgis}{section.4.8}% 50
\BOOKMARK [2][]{subsection.4.8.3}{Osm2pgsql}{section.4.8}% 51
\BOOKMARK [2][]{subsection.4.8.4}{OSMBRIGHT}{section.4.8}% 52
\BOOKMARK [2][]{subsection.4.8.5}{OpenLayer.js}{section.4.8}% 53
\BOOKMARK [2][]{subsection.4.8.6}{Geographic Information Systems \(GIS\)}{section.4.8}% 54
\BOOKMARK [1][]{section.4.9}{Implementation}{chapter.4}% 55
\BOOKMARK [1][]{section.4.10}{Animation}{chapter.4}% 56
\BOOKMARK [1][]{section.4.11}{Testing}{chapter.4}% 57
\BOOKMARK [0][]{chapter.5}{Conclusion and Future Scope}{}% 58
\BOOKMARK [1][]{section.5.1}{Conclusion}{chapter.5}% 59
\BOOKMARK [1][]{section.5.2}{Technical and Managerial Lesson Learnt}{chapter.5}% 60
\BOOKMARK [1][]{section.5.3}{Future Scope}{chapter.5}% 61
